<?xml version="1.0" encoding="UTF-8"?>
<!-- Generated by org.testng.reporters.JUnitReportReporter -->
<testsuite skipped="0" hostname="mohammed" name="com.testngrunner.TestNGRunner" tests="1" failures="0" timestamp="16 Dec 2017 21:52:24 GMT" time="8.223" errors="0">
  <testcase name="feature" time="8.223" classname="com.testngrunner.TestNGRunner"/>
</testsuite> <!-- com.testngrunner.TestNGRunner -->
