<?xml version="1.0" encoding="UTF-8"?>
<!-- Generated by org.testng.reporters.JUnitReportReporter -->
<testsuite skipped="0" hostname="mohammed" name="com.usa.practice.testng.code.UnitTesting" tests="1" failures="0" timestamp="17 Dec 2017 23:28:33 GMT" time="0.006" errors="0">
  <testcase name="getsalary" time="0.006" classname="com.usa.practice.testng.code.UnitTesting"/>
</testsuite> <!-- com.usa.practice.testng.code.UnitTesting -->
