<?xml version="1.0" encoding="UTF-8"?>
<!-- Generated by org.testng.reporters.JUnitReportReporter -->
<testsuite skipped="0" hostname="mohammed" name="testNGclass.Testcase3" tests="1" failures="0" timestamp="30 Dec 2017 17:17:13 GMT" time="0.009" errors="0">
  <testcase name="TestWatsup" time="0.009" classname="testNGclass.Testcase3"/>
</testsuite> <!-- testNGclass.Testcase3 -->
