<?xml version="1.0" encoding="UTF-8"?>
<!-- Generated by org.testng.reporters.JUnitReportReporter -->
<testsuite skipped="0" hostname="mohammed" name="testNGclass.Testcase1" tests="1" failures="0" timestamp="29 Dec 2017 22:05:51 GMT" time="0.012" errors="0">
  <testcase name="TestFB" time="0.012" classname="testNGclass.Testcase1"/>
</testsuite> <!-- testNGclass.Testcase1 -->
