<?xml version="1.0" encoding="UTF-8"?>
<!-- Generated by org.testng.reporters.JUnitReportReporter -->
<testsuite skipped="0" hostname="mohammed" name="com.testngrunner.TestNGRunner" tests="1" failures="0" timestamp="04 Jan 2018 02:07:12 GMT" time="9.522" errors="0">
  <testcase name="feature" time="9.522" classname="com.testngrunner.TestNGRunner"/>
</testsuite> <!-- com.testngrunner.TestNGRunner -->
