<?xml version="1.0" encoding="UTF-8"?>
<!-- Generated by org.testng.reporters.JUnitReportReporter -->
<testsuite skipped="0" hostname="mohammed" name="testNGclass.Testcase2" tests="1" failures="0" timestamp="30 Dec 2017 17:17:13 GMT" time="0.002" errors="0">
  <testcase name="TestTwiter" time="0.002" classname="testNGclass.Testcase2"/>
</testsuite> <!-- testNGclass.Testcase2 -->
