<?xml version="1.0" encoding="UTF-8"?>
<!-- Generated by org.testng.reporters.JUnitReportReporter -->
<testsuite skipped="0" hostname="mohammed" name="com.testngrunner.CarRegTestRunner" tests="1" failures="0" timestamp="19 Dec 2017 13:54:14 GMT" time="0.015" errors="0">
  <testcase name="feature" time="0.015" classname="com.testngrunner.CarRegTestRunner"/>
</testsuite> <!-- com.testngrunner.CarRegTestRunner -->
