<?xml version="1.0" encoding="UTF-8"?>
<!-- Generated by org.testng.reporters.JUnitReportReporter -->
<testsuite skipped="1" hostname="mohammed" name="com.usa.practice.testng.code.EnableOrDisableTest" tests="3" failures="0" timestamp="17 Dec 2017 23:10:51 GMT" time="0.011" errors="0">
  <testcase name="thirdtest" time="0.002" classname="com.usa.practice.testng.code.EnableOrDisableTest"/>
  <testcase name="secondTest" time="0.009" classname="com.usa.practice.testng.code.EnableOrDisableTest"/>
  <testcase name="firstTest" classname="com.usa.practice.testng.code.EnableOrDisableTest">
    <skipped/>
  </testcase> <!-- firstTest -->
</testsuite> <!-- com.usa.practice.testng.code.EnableOrDisableTest -->
